c:\git\sindt\c++\modbus_win_cpp\witsimulate\release\vc143.pdb
c:\git\sindt\c++\modbus_win_cpp\witsimulate\release\main.obj
c:\git\sindt\c++\modbus_win_cpp\witsimulate\release\com.obj
c:\git\sindt\c++\modbus_win_cpp\witsimulate\release\wit_c_sdk.obj
c:\git\sindt\c++\modbus_win_cpp\release\witsimulate.exe
c:\git\sindt\c++\modbus_win_cpp\release\witsimulate.pdb
c:\git\sindt\c++\modbus_win_cpp\witsimulate\release\witsimulate.res
c:\git\sindt\c++\modbus_win_cpp\witsimulate\release\witsimulate.ipdb
c:\git\sindt\c++\modbus_win_cpp\witsimulate\release\witsimulate.iobj
c:\git\sindt\c++\modbus_win_cpp\witsimulate\release\witsimulate.tlog\cl.command.1.tlog
c:\git\sindt\c++\modbus_win_cpp\witsimulate\release\witsimulate.tlog\cl.items.tlog
c:\git\sindt\c++\modbus_win_cpp\witsimulate\release\witsimulate.tlog\cl.read.1.tlog
c:\git\sindt\c++\modbus_win_cpp\witsimulate\release\witsimulate.tlog\cl.write.1.tlog
c:\git\sindt\c++\modbus_win_cpp\witsimulate\release\witsimulate.tlog\link.command.1.tlog
c:\git\sindt\c++\modbus_win_cpp\witsimulate\release\witsimulate.tlog\link.read.1.tlog
c:\git\sindt\c++\modbus_win_cpp\witsimulate\release\witsimulate.tlog\link.secondary.1.tlog
c:\git\sindt\c++\modbus_win_cpp\witsimulate\release\witsimulate.tlog\link.write.1.tlog
c:\git\sindt\c++\modbus_win_cpp\witsimulate\release\witsimulate.tlog\rc.command.1.tlog
c:\git\sindt\c++\modbus_win_cpp\witsimulate\release\witsimulate.tlog\rc.read.1.tlog
c:\git\sindt\c++\modbus_win_cpp\witsimulate\release\witsimulate.tlog\rc.write.1.tlog
